<?xml version="1.0" encoding="UTF-8"?>
<!-- Generated by org.testng.reporters.JUnitReportReporter -->
<testsuite hostname="DellXPS13" failures="0" tests="1" name="tests.AppInstalledTest" time="14.133" errors="0" timestamp="2024-11-22T00:30:59 EST" skipped="0">
  <testcase classname="tests.AppInstalledTest" name="firstTest" time="14.133"/>
  <system-out/>
</testsuite> <!-- tests.AppInstalledTest -->
